<?xml version="1.0" encoding="UTF-8"?>
<!-- Generated by org.testng.reporters.JUnitReportReporter -->
<testsuite hostname="RODLN125" failures="0" tests="1" name="com.intend.tests.FilteredSearchTests" time="7.164" errors="0" timestamp="2023-03-07T22:48:17 EET" skipped="0">
  <testcase classname="com.intend.tests.FilteredSearchTests" name="filterSearchResults" time="7.164"/>
  <system-out/>
</testsuite> <!-- com.intend.tests.FilteredSearchTests -->
