<?xml version="1.0" encoding="UTF-8"?>
<!-- Generated by org.testng.reporters.JUnitReportReporter -->
<testsuite hostname="RODLN125" failures="0" tests="1" name="com.intend.tests.HomepageSearchTests" time="7.795" errors="0" timestamp="2023-03-08T00:47:07 EET" skipped="0">
  <testcase classname="com.intend.tests.HomepageSearchTests" name="SeachBoxInput" time="7.795"/>
  <system-out/>
</testsuite> <!-- com.intend.tests.HomepageSearchTests -->
