<?xml version="1.0" encoding="UTF-8"?>
<!-- Generated by org.testng.reporters.JUnitReportReporter -->
<testsuite hostname="RODLN125" failures="0" tests="1" name="com.intend.tests.FilteredSearchTests" time="2.238" errors="0" timestamp="2023-03-07T19:04:35 EET" skipped="0">
  <testcase classname="com.intend.tests.FilteredSearchTests" name="filterSearchResults" time="2.238"/>
  <system-out/>
</testsuite> <!-- com.intend.tests.FilteredSearchTests -->
