<?xml version="1.0" encoding="UTF-8"?>
<!-- Generated by org.testng.reporters.JUnitReportReporter -->
<testsuite hostname="RODLN125" failures="0" tests="1" name="com.intend.tests.AddToCartTests" time="8.734" errors="0" timestamp="2023-03-08T09:50:15 EET" skipped="0">
  <testcase classname="com.intend.tests.AddToCartTests" name="addItemsToCart" time="8.734"/>
  <system-out/>
</testsuite> <!-- com.intend.tests.AddToCartTests -->
